* installing *source* package ‘bbknnR’ ...
** package ‘bbknnR’ successfully unpacked and MD5 sums checked
** using staged installation
** libs
clang++ -mmacosx-version-min=10.13 -std=gnu++14 -I"/Library/Frameworks/R.framework/Resources/include" -DNDEBUG  -I'/Users/fairbmx/Desktop/NU/R/R_Packages/tidytable/revdep/library.noindex/bbknnR/Rcpp/include' -I/usr/local/include -Xclang -fopenmp   -fPIC  -Wall -g -O2  -c RcppExports.cpp -o RcppExports.o
clang++ -mmacosx-version-min=10.13 -std=gnu++14 -I"/Library/Frameworks/R.framework/Resources/include" -DNDEBUG  -I'/Users/fairbmx/Desktop/NU/R/R_Packages/tidytable/revdep/library.noindex/bbknnR/Rcpp/include' -I/usr/local/include -Xclang -fopenmp   -fPIC  -Wall -g -O2  -c data_manipulation.cpp -o data_manipulation.o
clang++ -mmacosx-version-min=10.13 -std=gnu++14 -dynamiclib -Wl,-headerpad_max_install_names -undefined dynamic_lookup -single_module -multiply_defined suppress -L/Library/Frameworks/R.framework/Resources/lib -L/usr/local/lib -lomp -o bbknnR.so RcppExports.o data_manipulation.o -F/Library/Frameworks/R.framework/.. -framework R -Wl,-framework -Wl,CoreFoundation
ld: warning: dylib (/usr/local/lib/libomp.dylib) was built for newer macOS version (12.0) than being linked (10.13)
installing to /Users/fairbmx/Desktop/NU/R/R_Packages/tidytable/revdep/checks.noindex/bbknnR/old/bbknnR.Rcheck/00LOCK-bbknnR/00new/bbknnR/libs
** R
** data
*** moving datasets to lazyload DB
Warning: namespace ‘rgdal’ is not available and has been replaced
by .GlobalEnv when processing object ‘panc8_small’
Warning: namespace ‘rgdal’ is not available and has been replaced
by .GlobalEnv when processing object ‘panc8_small’
Warning: namespace ‘rgdal’ is not available and has been replaced
by .GlobalEnv when processing object ‘panc8_small’
Warning: namespace ‘rgdal’ is not available and has been replaced
by .GlobalEnv when processing object ‘panc8_small’
Warning: namespace ‘rgdal’ is not available and has been replaced
by .GlobalEnv when processing object ‘panc8_small’
Warning: namespace ‘rgdal’ is not available and has been replaced
by .GlobalEnv when processing object ‘panc8_small’
Warning: namespace ‘rgdal’ is not available and has been replaced
by .GlobalEnv when processing object ‘panc8_small’
Warning: namespace ‘rgdal’ is not available and has been replaced
by .GlobalEnv when processing object ‘panc8_small’
Warning: namespace ‘rgdal’ is not available and has been replaced
by .GlobalEnv when processing object ‘panc8_small’
Warning: namespace ‘rgdal’ is not available and has been replaced
by .GlobalEnv when processing object ‘panc8_small’
Warning: namespace ‘rgdal’ is not available and has been replaced
by .GlobalEnv when processing object ‘panc8_small’
Warning: namespace ‘rgdal’ is not available and has been replaced
by .GlobalEnv when processing object ‘panc8_small’
Warning: namespace ‘rgdal’ is not available and has been replaced
by .GlobalEnv when processing object ‘panc8_small’
Warning: namespace ‘rgdal’ is not available and has been replaced
by .GlobalEnv when processing object ‘panc8_small’
Warning: namespace ‘rgdal’ is not available and has been replaced
by .GlobalEnv when processing object ‘panc8_small’
Warning: namespace ‘rgdal’ is not available and has been replaced
by .GlobalEnv when processing object ‘panc8_small’
Warning: namespace ‘rgdal’ is not available and has been replaced
by .GlobalEnv when processing object ‘panc8_small’
Warning: namespace ‘rgdal’ is not available and has been replaced
by .GlobalEnv when processing object ‘panc8_small’
Warning: namespace ‘rgdal’ is not available and has been replaced
by .GlobalEnv when processing object ‘panc8_small’
Warning: namespace ‘rgdal’ is not available and has been replaced
by .GlobalEnv when processing object ‘panc8_small’
Warning: namespace ‘rgdal’ is not available and has been replaced
by .GlobalEnv when processing object ‘panc8_small’
Warning: namespace ‘rgdal’ is not available and has been replaced
by .GlobalEnv when processing object ‘panc8_small’
** inst
** byte-compile and prepare package for lazy loading
** help
*** installing help indices
** building package indices
** installing vignettes
** testing if installed package can be loaded from temporary location
** checking absolute paths in shared objects and dynamic libraries
** testing if installed package can be loaded from final location
** testing if installed package keeps a record of temporary installation path
* DONE (bbknnR)
