* installing *source* package ‘rTwig’ ...
** this is package ‘rTwig’ version ‘1.4.0’
** package ‘rTwig’ successfully unpacked and MD5 sums checked
** using staged installation
** libs
using C++ compiler: ‘Apple clang version 17.0.0 (clang-1700.0.13.5)’
using SDK: ‘MacOSX15.5.sdk’
clang++ -arch arm64 -std=gnu++17 -I"/Library/Frameworks/R.framework/Resources/include" -DNDEBUG -I../inst/include -I'/Users/xmxf129/MyDocs/R/Packages/tidytable/revdep/library.noindex/rTwig/Rcpp/include' -I'/Users/xmxf129/MyDocs/R/Packages/tidytable/revdep/library.noindex/rTwig/RcppArmadillo/include' -I/opt/R/arm64/include -I/opt/homebrew/opt/libomp/include -Xclang -fopenmp    -fPIC  -falign-functions=64 -Wall -g -O2   -c RcppExports.cpp -o RcppExports.o
In file included from RcppExports.cpp:4:
In file included from /Users/xmxf129/MyDocs/R/Packages/tidytable/revdep/library.noindex/rTwig/RcppArmadillo/include/RcppArmadillo.h:32:
In file included from /Users/xmxf129/MyDocs/R/Packages/tidytable/revdep/library.noindex/rTwig/RcppArmadillo/include/RcppArmadillo/interface/RcppArmadilloForward.h:26:
In file included from /Users/xmxf129/MyDocs/R/Packages/tidytable/revdep/library.noindex/rTwig/Rcpp/include/RcppCommon.h:30:
In file included from /Users/xmxf129/MyDocs/R/Packages/tidytable/revdep/library.noindex/rTwig/Rcpp/include/Rcpp/r/headers.h:67:
/Users/xmxf129/MyDocs/R/Packages/tidytable/revdep/library.noindex/rTwig/Rcpp/include/Rcpp/platform/compiler.h:37:10: fatal error: 'cmath' file not found
   37 | #include <cmath>
      |          ^~~~~~~
1 error generated.
make: *** [RcppExports.o] Error 1
ERROR: compilation failed for package ‘rTwig’
* removing ‘/Users/xmxf129/MyDocs/R/Packages/tidytable/revdep/checks.noindex/rTwig/new/rTwig.Rcheck/rTwig’
